  [1m[35m (177.0ms)[0m  [1m[35mCREATE DATABASE "rescue_match_development" ENCODING = 'unicode'[0m
  [1m[35m (100.1ms)[0m  [1m[35mCREATE DATABASE "rescue_match_test" ENCODING = 'unicode'[0m
  [1m[35m (36.9ms)[0m  [1m[35mCREATE TABLE "schema_migrations" ("version" character varying NOT NULL PRIMARY KEY)[0m
  [1m[35m (20.4ms)[0m  [1m[35mCREATE TABLE "ar_internal_metadata" ("key" character varying NOT NULL PRIMARY KEY, "value" character varying, "created_at" timestamp(6) NOT NULL, "updated_at" timestamp(6) NOT NULL)[0m
  [1m[35m (6.2ms)[0m  [1m[34mSELECT pg_try_advisory_lock(3421072490037157095)[0m
  [1m[35m (0.5ms)[0m  [1m[34mSELECT "schema_migrations"."version" FROM "schema_migrations" ORDER BY "schema_migrations"."version" ASC[0m
Migrating to CreateUsers (20200918222111)
  [1m[35m (0.2ms)[0m  [1m[35mBEGIN[0m
  [1m[35m (27.6ms)[0m  [1m[35mCREATE TABLE "users" ("id" bigserial primary key, "username" character varying, "password_digest" character varying, "email" character varying, "auth_token" character varying, "name" character varying, "zipcode" integer, "has_cats" boolean, "has_dogs" boolean, "has_child" boolean, "has_yard" boolean, "created_at" timestamp(6) NOT NULL, "updated_at" timestamp(6) NOT NULL)[0m
  [1m[36mprimary::SchemaMigration Create (0.7ms)[0m  [1m[32mINSERT INTO "schema_migrations" ("version") VALUES ($1) RETURNING "version"[0m  [["version", "20200918222111"]]
  [1m[35m (0.5ms)[0m  [1m[35mCOMMIT[0m
Migrating to CreatePetUsers (20200919013909)
  [1m[35m (5.9ms)[0m  [1m[35mBEGIN[0m
  [1m[35m (3.2ms)[0m  [1m[35mCREATE TABLE "pet_users" ("id" bigserial primary key, "name" character varying, "species" character varying, "breed" character varying, "age" character varying, "gender" character varying, "size" character varying, "photo" text, "description" text, "status" character varying, "user_id" integer, "created_at" timestamp(6) NOT NULL, "updated_at" timestamp(6) NOT NULL)[0m
  [1m[36mprimary::SchemaMigration Create (0.2ms)[0m  [1m[32mINSERT INTO "schema_migrations" ("version") VALUES ($1) RETURNING "version"[0m  [["version", "20200919013909"]]
  [1m[35m (0.6ms)[0m  [1m[35mCOMMIT[0m
  [1m[36mActiveRecord::InternalMetadata Load (0.5ms)[0m  [1m[34mSELECT "ar_internal_metadata".* FROM "ar_internal_metadata" WHERE "ar_internal_metadata"."key" = $1 LIMIT $2[0m  [["key", "environment"], ["LIMIT", 1]]
  [1m[35m (2.3ms)[0m  [1m[35mBEGIN[0m
  [1m[36mActiveRecord::InternalMetadata Create (2.2ms)[0m  [1m[32mINSERT INTO "ar_internal_metadata" ("key", "value", "created_at", "updated_at") VALUES ($1, $2, $3, $4) RETURNING "key"[0m  [["key", "environment"], ["value", "development"], ["created_at", "2020-09-19 01:45:11.402081"], ["updated_at", "2020-09-19 01:45:11.402081"]]
  [1m[35m (5.0ms)[0m  [1m[35mCOMMIT[0m
  [1m[35m (2.4ms)[0m  [1m[34mSELECT pg_advisory_unlock(3421072490037157095)[0m
  [1m[35m (1.4ms)[0m  [1m[34mSELECT "schema_migrations"."version" FROM "schema_migrations" ORDER BY "schema_migrations"."version" ASC[0m
